# JRE version: OpenJDK Runtime Environment Temurin-17.0.18+8 (17.0.18+8) (build 17.0.18+8)
# Java VM: OpenJDK 64-Bit Server VM Temurin-17.0.18+8 (17.0.18+8, mixed mode, sharing, tiered, compressed oops, compressed class ptrs, g1 gc, windows-amd64)
GC Precious Log:
 CPUs: 12 total, 12 available
 Memory: 32539M
 Large Page Support: Disabled
 NUMA Support: Disabled
 Compressed Oops: Enabled (32-bit)
 Heap Region Size: 1M
 Heap Min Capacity: 8M
 Heap Initial Capacity: 510M
 Heap Max Capacity: 2G
 Pre-touch: Disabled
 Parallel Workers: 10
 Concurrent Workers: 3
 Concurrent Refinement Workers: 10
 Periodic GC: Disabled
Heap:
 garbage-first heap   total 306176K, used 175925K [0x0000000080000000, 0x0000000100000000)
  region size 1024K, 142 young (145408K), 3 survivors (3072K)
 Metaspace       used 57473K, committed 58240K, reserved 491520K
  class space    used 8139K, committed 8448K, reserved 425984K
GC Heap History (20 events):
Event: 0.226 GC heap before
{Heap before GC invocations=0 (full 0):
 garbage-first heap   total 522240K, used 25600K [0x0000000080000000, 0x0000000100000000)
  region size 1024K, 25 young (25600K), 0 survivors (0K)
 Metaspace       used 1035K, committed 1152K, reserved 491520K
  class space    used 76K, committed 128K, reserved 425984K
}
Event: 0.227 GC heap after
{Heap after GC invocations=1 (full 0):
 garbage-first heap   total 522240K, used 1984K [0x0000000080000000, 0x0000000100000000)
  region size 1024K, 2 young (2048K), 2 survivors (2048K)
 Metaspace       used 1035K, committed 1152K, reserved 491520K
  class space    used 76K, committed 128K, reserved 425984K
}
Event: 0.608 GC heap before
{Heap before GC invocations=1 (full 0):
 garbage-first heap   total 522240K, used 43968K [0x0000000080000000, 0x0000000100000000)
  region size 1024K, 39 young (39936K), 2 survivors (2048K)
 Metaspace       used 4566K, committed 4672K, reserved 491520K
  class space    used 576K, committed 640K, reserved 425984K
}
Event: 0.611 GC heap after
{Heap after GC invocations=2 (full 0):
 garbage-first heap   total 522240K, used 11860K [0x0000000080000000, 0x0000000100000000)
  region size 1024K, 5 young (5120K), 5 survivors (5120K)
 Metaspace       used 4566K, committed 4672K, reserved 491520K
  class space    used 576K, committed 640K, reserved 425984K
}
Event: 1.176 GC heap before
{Heap before GC invocations=2 (full 0):
 garbage-first heap   total 522240K, used 72276K [0x0000000080000000, 0x0000000100000000)
  region size 1024K, 62 young (63488K), 5 survivors (5120K)
 Metaspace       used 6012K, committed 6208K, reserved 491520K
  class space    used 799K, committed 896K, reserved 425984K
}
Event: 1.180 GC heap after
{Heap after GC invocations=3 (full 0):
 garbage-first heap   total 522240K, used 18507K [0x0000000080000000, 0x0000000100000000)
  region size 1024K, 8 young (8192K), 8 survivors (8192K)
 Metaspace       used 6012K, committed 6208K, reserved 491520K
  class space    used 799K, committed 896K, reserved 425984K
}
Event: 2.334 GC heap before
{Heap before GC invocations=3 (full 0):
 garbage-first heap   total 522240K, used 113739K [0x0000000080000000, 0x0000000100000000)
  region size 1024K, 101 young (103424K), 8 survivors (8192K)
 Metaspace       used 21195K, committed 21504K, reserved 491520K
  class space    used 2914K, committed 3072K, reserved 425984K
}
Event: 2.339 GC heap after
{Heap after GC invocations=4 (full 0):
 garbage-first heap   total 522240K, used 24008K [0x0000000080000000, 0x0000000100000000)
  region size 1024K, 14 young (14336K), 14 survivors (14336K)
 Metaspace       used 21195K, committed 21504K, reserved 491520K
  class space    used 2914K, committed 3072K, reserved 425984K
}
Event: 2.878 GC heap before
{Heap before GC invocations=5 (full 0):
 garbage-first heap   total 89088K, used 61896K [0x0000000080000000, 0x0000000100000000)
  region size 1024K, 52 young (53248K), 14 survivors (14336K)
 Metaspace       used 25838K, committed 26176K, reserved 491520K
  class space    used 3623K, committed 3776K, reserved 425984K
}
Event: 2.882 GC heap after
{Heap after GC invocations=6 (full 0):
 garbage-first heap   total 89088K, used 26858K [0x0000000080000000, 0x0000000100000000)
  region size 1024K, 3 young (3072K), 3 survivors (3072K)
 Metaspace       used 25838K, committed 26176K, reserved 491520K
  class space    used 3623K, committed 3776K, reserved 425984K
}
Event: 2.895 GC heap before
{Heap before GC invocations=6 (full 0):
 garbage-first heap   total 89088K, used 27882K [0x0000000080000000, 0x0000000100000000)
  region size 1024K, 4 young (4096K), 3 survivors (3072K)
 Metaspace       used 25944K, committed 26304K, reserved 491520K
  class space    used 3638K, committed 3776K, reserved 425984K
}
Event: 2.897 GC heap after
{Heap after GC invocations=7 (full 0):
 garbage-first heap   total 89088K, used 27266K [0x0000000080000000, 0x0000000100000000)
  region size 1024K, 1 young (1024K), 1 survivors (1024K)
 Metaspace       used 25944K, committed 26304K, reserved 491520K
  class space    used 3638K, committed 3776K, reserved 425984K
}
Event: 3.710 GC heap before
{Heap before GC invocations=7 (full 0):
 garbage-first heap   total 89088K, used 64130K [0x0000000080000000, 0x0000000100000000)
  region size 1024K, 38 young (38912K), 1 survivors (1024K)
 Metaspace       used 31006K, committed 31424K, reserved 491520K
  class space    used 4315K, committed 4480K, reserved 425984K
}
Event: 3.711 GC heap after
{Heap after GC invocations=8 (full 0):
 garbage-first heap   total 89088K, used 28740K [0x0000000080000000, 0x0000000100000000)
  region size 1024K, 3 young (3072K), 3 survivors (3072K)
 Metaspace       used 31006K, committed 31424K, reserved 491520K
  class space    used 4315K, committed 4480K, reserved 425984K
}
Event: 4.121 GC heap before
{Heap before GC invocations=8 (full 0):
 garbage-first heap   total 89088K, used 61508K [0x0000000080000000, 0x0000000100000000)
  region size 1024K, 36 young (36864K), 3 survivors (3072K)
 Metaspace       used 35448K, committed 35968K, reserved 491520K
  class space    used 4986K, committed 5248K, reserved 425984K
}
Event: 4.124 GC heap after
{Heap after GC invocations=9 (full 0):
 garbage-first heap   total 89088K, used 32170K [0x0000000080000000, 0x0000000100000000)
  region size 1024K, 5 young (5120K), 5 survivors (5120K)
 Metaspace       used 35448K, committed 35968K, reserved 491520K
  class space    used 4986K, committed 5248K, reserved 425984K
}
Event: 4.297 GC heap before
{Heap before GC invocations=10 (full 0):
 garbage-first heap   total 89088K, used 66986K [0x0000000080000000, 0x0000000100000000)
  region size 1024K, 39 young (39936K), 5 survivors (5120K)
 Metaspace       used 36564K, committed 37184K, reserved 491520K
  class space    used 5170K, committed 5440K, reserved 425984K
}
Event: 4.299 GC heap after
{Heap after GC invocations=11 (full 0):
 garbage-first heap   total 89088K, used 33268K [0x0000000080000000, 0x0000000100000000)
  region size 1024K, 2 young (2048K), 2 survivors (2048K)
 Metaspace       used 36564K, committed 37184K, reserved 491520K
  class space    used 5170K, committed 5440K, reserved 425984K
}
Event: 4.647 GC heap before
{Heap before GC invocations=11 (full 0):
 garbage-first heap   total 89088K, used 68084K [0x0000000080000000, 0x0000000100000000)
  region size 1024K, 36 young (36864K), 2 survivors (2048K)
 Metaspace       used 39100K, committed 39808K, reserved 491520K
  class space    used 5579K, committed 5888K, reserved 425984K
}
Event: 4.649 GC heap after
{Heap after GC invocations=12 (full 0):
 garbage-first heap   total 306176K, used 34613K [0x0000000080000000, 0x0000000100000000)
  region size 1024K, 3 young (3072K), 3 survivors (3072K)
 Metaspace       used 39100K, committed 39808K, reserved 491520K
  class space    used 5579K, committed 5888K, reserved 425984K
}

